seed=42 tick=100 elapsed=8.1 pop=3223 t1=93 t2=112 t3=92 fill_t2=0.801 fill_t3=0.43 so_t1=0.48 so_t2=0.49 p_t1=5.67 p_t2=5.73 p_t3=7.83 com_vac=0.693 com=1.279 res=3.216
seed=42 tick=200 elapsed=17.9 pop=3414 t1=91 t2=106 t3=84 fill_t2=0.815 fill_t3=0.616 so_t1=0.39 so_t2=0.51 p_t1=5.46 p_t2=8.74 p_t3=13.7 com_vac=0.618 com=1.311 res=4.145
seed=42 tick=300 elapsed=28.3 pop=3626 t1=82 t2=93 t3=82 fill_t2=0.81 fill_t3=0.694 so_t1=0.48 so_t2=0.54 p_t1=4.81 p_t2=15.73 p_t3=24.14 com_vac=0.631 com=1.459 res=4.848
seed=42 tick=400 elapsed=39.3 pop=3830 t1=69 t2=95 t3=85 fill_t2=0.799 fill_t3=0.655 so_t1=0.55 so_t2=0.56 p_t1=5.34 p_t2=27.05 p_t3=36.66 com_vac=0.583 com=1.905 res=5.498
seed=42 tick=500 elapsed=51.3 pop=4040 t1=70 t2=90 t3=95 fill_t2=0.826 fill_t3=0.745 so_t1=0.61 so_t2=0.53 p_t1=6.72 p_t2=40.81 p_t3=45.97 com_vac=0.49 com=2.831 res=6.234
seed=42 tick=600 elapsed=64.2 pop=4210 t1=72 t2=95 t3=97 fill_t2=0.778 fill_t3=0.7 so_t1=0.65 so_t2=0.54 p_t1=9.09 p_t2=58.61 p_t3=53.88 com_vac=0.396 com=3.771 res=5.972
seed=42 tick=700 elapsed=77.7 pop=4418 t1=81 t2=88 t3=96 fill_t2=0.737 fill_t3=0.721 so_t1=0.57 so_t2=0.58 p_t1=11.45 p_t2=81.43 p_t3=69.71 com_vac=0.36 com=4.086 res=5.881
seed=42 tick=800 elapsed=92.1 pop=4628 t1=83 t2=87 t3=97 fill_t2=0.727 fill_t3=0.727 so_t1=0.57 so_t2=0.51 p_t1=14.67 p_t2=118.05 p_t3=85.55 com_vac=0.315 com=4.869 res=6.153
seed=42 tick=900 elapsed=108.1 pop=4840 t1=82 t2=103 t3=108 fill_t2=0.787 fill_t3=0.71 so_t1=0.59 so_t2=0.56 p_t1=20.97 p_t2=126.39 p_t3=90.08 com_vac=0.287 com=5.175 res=5.408
seed=42 tick=1000 elapsed=125.7 pop=5049 t1=92 t2=103 t3=122 fill_t2=0.783 fill_t3=0.758 so_t1=0.47 so_t2=0.63 p_t1=24.92 p_t2=174.11 p_t3=93.64 com_vac=0.224 com=6.426 res=5.053
seed=42 tick=1100 elapsed=145.0 pop=5231 t1=81 t2=101 t3=130 fill_t2=0.803 fill_t3=0.725 so_t1=0.52 so_t2=0.61 p_t1=32.05 p_t2=246.23 p_t3=100.88 com_vac=0.22 com=7.13 res=3.995
seed=42 tick=1200 elapsed=165.7 pop=5417 t1=77 t2=105 t3=135 fill_t2=0.787 fill_t3=0.733 so_t1=0.51 so_t2=0.61 p_t1=41.49 p_t2=322.04 p_t3=111.38 com_vac=0.208 com=9.23 res=3.932
seed=42 tick=1300 elapsed=188.0 pop=5626 t1=81 t2=111 t3=144 fill_t2=0.791 fill_t3=0.727 so_t1=0.53 so_t2=0.61 p_t1=44.22 p_t2=421.86 p_t3=116.15 com_vac=0.177 com=11.516 res=4.082
seed=42 tick=1400 elapsed=212.5 pop=5832 t1=85 t2=118 t3=154 fill_t2=0.774 fill_t3=0.747 so_t1=0.54 so_t2=0.63 p_t1=46.95 p_t2=532.88 p_t3=119.76 com_vac=0.151 com=12.898 res=3.669
seed=42 tick=1500 elapsed=239.6 pop=6035 t1=87 t2=123 t3=153 fill_t2=0.797 fill_t3=0.73 so_t1=0.55 so_t2=0.57 p_t1=47.11 p_t2=656.5 p_t3=133.41 com_vac=0.155 com=13.573 res=4.074
seed=42 tick=1600 elapsed=268.9 pop=6243 t1=97 t2=131 t3=168 fill_t2=0.744 fill_t3=0.714 so_t1=0.58 so_t2=0.61 p_t1=48.87 p_t2=820.08 p_t3=135.38 com_vac=0.105 com=19.678 res=3.444
seed=42 tick=1700 elapsed=300.8 pop=6448 t1=87 t2=126 t3=166 fill_t2=0.793 fill_t3=0.731 so_t1=0.58 so_t2=0.63 p_t1=59.67 p_t2=1002.72 p_t3=148.24 com_vac=0.131 com=18.939 res=3.355
seed=42 tick=1800 elapsed=333.6 pop=6649 t1=85 t2=131 t3=168 fill_t2=0.796 fill_t3=0.728 so_t1=0.59 so_t2=0.6 p_t1=65.3 p_t2=1183.0 p_t3=157.07 com_vac=0.127 com=18.544 res=3.569
seed=42 tick=1900 elapsed=368.6 pop=6862 t1=88 t2=142 t3=169 fill_t2=0.822 fill_t3=0.744 so_t1=0.58 so_t2=0.57 p_t1=72.22 p_t2=1332.77 p_t3=169.27 com_vac=0.113 com=20.548 res=3.559
seed=42 tick=2000 elapsed=404.8 pop=7095 t1=92 t2=146 t3=176 fill_t2=0.786 fill_t3=0.73 so_t1=0.63 so_t2=0.61 p_t1=73.53 p_t2=1465.44 p_t3=172.85 com_vac=0.147 com=15.035 res=3.907
seed=42 tick=2100 elapsed=443.6 pop=7295 t1=91 t2=146 t3=191 fill_t2=0.817 fill_t3=0.729 so_t1=0.6 so_t2=0.59 p_t1=93.38 p_t2=1614.48 p_t3=162.69 com_vac=0.164 com=12.972 res=4.19
seed=42 tick=2200 elapsed=484.8 pop=7515 t1=96 t2=147 t3=196 fill_t2=0.791 fill_t3=0.759 so_t1=0.59 so_t2=0.58 p_t1=113.02 p_t2=1774.26 p_t3=161.19 com_vac=0.16 com=14.365 res=4.142
seed=42 tick=2300 elapsed=528.3 pop=7706 t1=94 t2=156 t3=198 fill_t2=0.812 fill_t3=0.749 so_t1=0.6 so_t2=0.56 p_t1=144.44 p_t2=1957.69 p_t3=166.48 com_vac=0.136 com=18.489 res=4.396
seed=42 tick=2400 elapsed=573.6 pop=7869 t1=93 t2=158 t3=204 fill_t2=0.805 fill_t3=0.748 so_t1=0.65 so_t2=0.57 p_t1=160.81 p_t2=2315.65 p_t3=171.62 com_vac=0.125 com=19.611 res=5.089

[65469] signal 15: Terminated: 15
in expression starting at none:9
getproperty at ./Base.jl:49 [inlined]
#21 at ./none:0 [inlined]
iterate at ./iterators.jl:548 [inlined]
iterate at ./generator.jl:45 [inlined]
grow_to! at ./array.jl:895
grow_to! at ./array.jl:868
collect at ./array.jl:788 [inlined]
active_firms at /Users/l25-n05917-res/ResearchCode/urban3/src/State.jl:82 [inlined]
probabilistic_goods_choice at /Users/l25-n05917-res/ResearchCode/urban3/src/Workers.jl:122
choose_good at /Users/l25-n05917-res/ResearchCode/urban3/src/Workers.jl:45
consumption_phase! at /Users/l25-n05917-res/ResearchCode/urban3/src/Workers.jl:13
step! at /Users/l25-n05917-res/ResearchCode/urban3/src/Scheduler.jl:22
top-level scope at ./none:10
jl_toplevel_eval_flex at /Users/julia/.julia/scratchspaces/a66863c6-20e8-4ff4-8a62-49f30b1f605e/agent-cache/default-honeycrisp-XC9YQX9HH2.0/build/default-honeycrisp-XC9YQX9HH2-0/julialang/julia-release-1-dot-11/src/toplevel.c:934
jl_toplevel_eval_flex at /Users/julia/.julia/scratchspaces/a66863c6-20e8-4ff4-8a62-49f30b1f605e/agent-cache/default-honeycrisp-XC9YQX9HH2.0/build/default-honeycrisp-XC9YQX9HH2-0/julialang/julia-release-1-dot-11/src/toplevel.c:886
ijl_toplevel_eval at /Users/julia/.julia/scratchspaces/a66863c6-20e8-4ff4-8a62-49f30b1f605e/agent-cache/default-honeycrisp-XC9YQX9HH2.0/build/default-honeycrisp-XC9YQX9HH2-0/julialang/julia-release-1-dot-11/src/toplevel.c:952 [inlined]
ijl_toplevel_eval_in at /Users/julia/.julia/scratchspaces/a66863c6-20e8-4ff4-8a62-49f30b1f605e/agent-cache/default-honeycrisp-XC9YQX9HH2.0/build/default-honeycrisp-XC9YQX9HH2-0/julialang/julia-release-1-dot-11/src/toplevel.c:994
jlplt_ijl_toplevel_eval_in_28467.1 at /Applications/Julia-1.11.app/Contents/Resources/julia/lib/julia/sys.dylib (unknown line)
eval at ./boot.jl:430 [inlined]
exec_options at ./client.jl:296
_start at ./client.jl:531
jfptr__start_73900.1 at /Applications/Julia-1.11.app/Contents/Resources/julia/lib/julia/sys.dylib (unknown line)
jl_apply at /Users/julia/.julia/scratchspaces/a66863c6-20e8-4ff4-8a62-49f30b1f605e/agent-cache/default-honeycrisp-XC9YQX9HH2.0/build/default-honeycrisp-XC9YQX9HH2-0/julialang/julia-release-1-dot-11/src/./julia.h:2157 [inlined]
true_main at /Users/julia/.julia/scratchspaces/a66863c6-20e8-4ff4-8a62-49f30b1f605e/agent-cache/default-honeycrisp-XC9YQX9HH2.0/build/default-honeycrisp-XC9YQX9HH2-0/julialang/julia-release-1-dot-11/src/jlapi.c:900
jl_repl_entrypoint at /Users/julia/.julia/scratchspaces/a66863c6-20e8-4ff4-8a62-49f30b1f605e/agent-cache/default-honeycrisp-XC9YQX9HH2.0/build/default-honeycrisp-XC9YQX9HH2-0/julialang/julia-release-1-dot-11/src/jlapi.c:1059
unknown function (ip: 0x0)
Allocations: 6977520027 (Pool: 6977519173; Big: 854); GC: 5503
┌ Warning: The call to compilecache failed to create a usable precompiled cache file for UrbanABM [df92e904-58d9-4e52-9967-f7e97dfb7028]
│   exception = Required dependency Base.PkgId(Base.UUID("10745b16-79ce-11e8-11f9-7d13ad32a3b2"), "Statistics") failed to load from a cache file.
└ @ Base loading.jl:2596
