Starting 5000-tick overnight run  (grid starts 12×12)
t=250    pop=962   emp= 37%  firms=52   grid=12×12  roads=10   max_com_rent= 74.71  (1s)
t=500    EXPANSION 12×12 → 20×20  lots 144 → 400  CBD=(10,11)
t=500    pop=22517  emp= 13%  firms=298  grid=20×20  roads=20   max_com_rent=179.08  (72s)
t=750    pop=84315  emp= 15%  firms=1079  grid=20×20  roads=30   max_com_rent=177.29  (1653s)

[96672] signal 15: Terminated: 15
in expression starting at /Users/l25-n05917-res/ResearchCode/urban3/overnight_run.jl:122
getindex at ./essentials.jl:399 [inlined]
isslotempty at ./dict.jl:133 [inlined]
ht_keyindex at ./dict.jl:246 [inlined]
haskey at ./dict.jl:548 [inlined]
in at ./set.jl:92 [inlined]
probabilistic_goods_choice at /Users/l25-n05917-res/ResearchCode/urban3/src/Workers.jl:191
choose_good at /Users/l25-n05917-res/ResearchCode/urban3/src/Workers.jl:102
consumption_phase! at /Users/l25-n05917-res/ResearchCode/urban3/src/Workers.jl:52
step! at /Users/l25-n05917-res/ResearchCode/urban3/src/Scheduler.jl:27
main at /Users/l25-n05917-res/ResearchCode/urban3/overnight_run.jl:35
unknown function (ip: 0x1067b4f67)
jl_apply at /Users/julia/.julia/scratchspaces/a66863c6-20e8-4ff4-8a62-49f30b1f605e/agent-cache/default-honeycrisp-XC9YQX9HH2.0/build/default-honeycrisp-XC9YQX9HH2-0/julialang/julia-release-1-dot-11/src/./julia.h:2157 [inlined]
do_call at /Users/julia/.julia/scratchspaces/a66863c6-20e8-4ff4-8a62-49f30b1f605e/agent-cache/default-honeycrisp-XC9YQX9HH2.0/build/default-honeycrisp-XC9YQX9HH2-0/julialang/julia-release-1-dot-11/src/interpreter.c:126
eval_stmt_value at /Users/julia/.julia/scratchspaces/a66863c6-20e8-4ff4-8a62-49f30b1f605e/agent-cache/default-honeycrisp-XC9YQX9HH2.0/build/default-honeycrisp-XC9YQX9HH2-0/julialang/julia-release-1-dot-11/src/interpreter.c:174
eval_body at /Users/julia/.julia/scratchspaces/a66863c6-20e8-4ff4-8a62-49f30b1f605e/agent-cache/default-honeycrisp-XC9YQX9HH2.0/build/default-honeycrisp-XC9YQX9HH2-0/julialang/julia-release-1-dot-11/src/interpreter.c:663
jl_interpret_toplevel_thunk at /Users/julia/.julia/scratchspaces/a66863c6-20e8-4ff4-8a62-49f30b1f605e/agent-cache/default-honeycrisp-XC9YQX9HH2.0/build/default-honeycrisp-XC9YQX9HH2-0/julialang/julia-release-1-dot-11/src/interpreter.c:821
jl_toplevel_eval_flex at /Users/julia/.julia/scratchspaces/a66863c6-20e8-4ff4-8a62-49f30b1f605e/agent-cache/default-honeycrisp-XC9YQX9HH2.0/build/default-honeycrisp-XC9YQX9HH2-0/julialang/julia-release-1-dot-11/src/toplevel.c:943
jl_toplevel_eval_flex at /Users/julia/.julia/scratchspaces/a66863c6-20e8-4ff4-8a62-49f30b1f605e/agent-cache/default-honeycrisp-XC9YQX9HH2.0/build/default-honeycrisp-XC9YQX9HH2-0/julialang/julia-release-1-dot-11/src/toplevel.c:886
ijl_toplevel_eval at /Users/julia/.julia/scratchspaces/a66863c6-20e8-4ff4-8a62-49f30b1f605e/agent-cache/default-honeycrisp-XC9YQX9HH2.0/build/default-honeycrisp-XC9YQX9HH2-0/julialang/julia-release-1-dot-11/src/toplevel.c:952 [inlined]
ijl_toplevel_eval_in at /Users/julia/.julia/scratchspaces/a66863c6-20e8-4ff4-8a62-49f30b1f605e/agent-cache/default-honeycrisp-XC9YQX9HH2.0/build/default-honeycrisp-XC9YQX9HH2-0/julialang/julia-release-1-dot-11/src/toplevel.c:994
eval at ./boot.jl:430 [inlined]
include_string at ./loading.jl:2734
_include at ./loading.jl:2794
include at ./Base.jl:557
jfptr_include_47042.1 at /Applications/Julia-1.11.app/Contents/Resources/julia/lib/julia/sys.dylib (unknown line)
exec_options at ./client.jl:323
_start at ./client.jl:531
jfptr__start_73900.1 at /Applications/Julia-1.11.app/Contents/Resources/julia/lib/julia/sys.dylib (unknown line)
jl_apply at /Users/julia/.julia/scratchspaces/a66863c6-20e8-4ff4-8a62-49f30b1f605e/agent-cache/default-honeycrisp-XC9YQX9HH2.0/build/default-honeycrisp-XC9YQX9HH2-0/julialang/julia-release-1-dot-11/src/./julia.h:2157 [inlined]
true_main at /Users/julia/.julia/scratchspaces/a66863c6-20e8-4ff4-8a62-49f30b1f605e/agent-cache/default-honeycrisp-XC9YQX9HH2.0/build/default-honeycrisp-XC9YQX9HH2-0/julialang/julia-release-1-dot-11/src/jlapi.c:900
jl_repl_entrypoint at /Users/julia/.julia/scratchspaces/a66863c6-20e8-4ff4-8a62-49f30b1f605e/agent-cache/default-honeycrisp-XC9YQX9HH2.0/build/default-honeycrisp-XC9YQX9HH2-0/julialang/julia-release-1-dot-11/src/jlapi.c:1059
unknown function (ip: 0x0)
Allocations: 9488065006 (Pool: 9488064175; Big: 831); GC: 15642
┌ Warning: The call to compilecache failed to create a usable precompiled cache file for UrbanABM [df92e904-58d9-4e52-9967-f7e97dfb7028]
│   exception = Required dependency Base.PkgId(Base.UUID("10745b16-79ce-11e8-11f9-7d13ad32a3b2"), "Statistics") failed to load from a cache file.
└ @ Base loading.jl:2596
